<?xml version="1.0" encoding="UTF-8"?>
<testsuite xmlns:xsi="http://www.w3.org/2001/XMLSchema-instance" xsi:noNamespaceSchemaLocation="https://maven.apache.org/surefire/maven-surefire-plugin/xsd/surefire-test-report.xsd" name="com.example.springbootdemo.SpringbootDemoApplicationTests" time="3.513" tests="1" errors="0" skipped="0" failures="0">
  <properties>
    <property name="java.specification.version" value="17"/>
    <property name="sun.cpu.isalist" value="amd64"/>
    <property name="sun.jnu.encoding" value="GBK"/>
    <property name="java.class.path" value="D:\后端开发\springboot-demo\target\test-classes;D:\后端开发\springboot-demo\target\classes;D:\repository\org\springframework\boot\spring-boot-starter-web\3.0.2\spring-boot-starter-web-3.0.2.jar;D:\repository\org\springframework\boot\spring-boot-starter\3.0.2\spring-boot-starter-3.0.2.jar;D:\repository\org\springframework\boot\spring-boot\3.0.2\spring-boot-3.0.2.jar;D:\repository\org\springframework\boot\spring-boot-autoconfigure\3.0.2\spring-boot-autoconfigure-3.0.2.jar;D:\repository\org\springframework\boot\spring-boot-starter-logging\3.0.2\spring-boot-starter-logging-3.0.2.jar;D:\repository\ch\qos\logback\logback-classic\1.4.5\logback-classic-1.4.5.jar;D:\repository\ch\qos\logback\logback-core\1.4.5\logback-core-1.4.5.jar;D:\repository\org\apache\logging\log4j\log4j-to-slf4j\2.19.0\log4j-to-slf4j-2.19.0.jar;D:\repository\org\apache\logging\log4j\log4j-api\2.19.0\log4j-api-2.19.0.jar;D:\repository\org\slf4j\jul-to-slf4j\2.0.6\jul-to-slf4j-2.0.6.jar;D:\repository\jakarta\annotation\jakarta.annotation-api\2.1.1\jakarta.annotation-api-2.1.1.jar;D:\repository\org\yaml\snakeyaml\1.33\snakeyaml-1.33.jar;D:\repository\org\springframework\boot\spring-boot-starter-json\3.0.2\spring-boot-starter-json-3.0.2.jar;D:\repository\com\fasterxml\jackson\datatype\jackson-datatype-jdk8\2.14.1\jackson-datatype-jdk8-2.14.1.jar;D:\repository\com\fasterxml\jackson\datatype\jackson-datatype-jsr310\2.14.1\jackson-datatype-jsr310-2.14.1.jar;D:\repository\com\fasterxml\jackson\module\jackson-module-parameter-names\2.14.1\jackson-module-parameter-names-2.14.1.jar;D:\repository\org\springframework\boot\spring-boot-starter-tomcat\3.0.2\spring-boot-starter-tomcat-3.0.2.jar;D:\repository\org\apache\tomcat\embed\tomcat-embed-core\10.1.5\tomcat-embed-core-10.1.5.jar;D:\repository\org\apache\tomcat\embed\tomcat-embed-el\10.1.5\tomcat-embed-el-10.1.5.jar;D:\repository\org\apache\tomcat\embed\tomcat-embed-websocket\10.1.5\tomcat-embed-websocket-10.1.5.jar;D:\repository\org\springframework\spring-web\6.0.4\spring-web-6.0.4.jar;D:\repository\org\springframework\spring-beans\6.0.4\spring-beans-6.0.4.jar;D:\repository\io\micrometer\micrometer-observation\1.10.3\micrometer-observation-1.10.3.jar;D:\repository\io\micrometer\micrometer-commons\1.10.3\micrometer-commons-1.10.3.jar;D:\repository\org\springframework\spring-webmvc\6.0.4\spring-webmvc-6.0.4.jar;D:\repository\org\springframework\spring-aop\6.0.4\spring-aop-6.0.4.jar;D:\repository\org\springframework\spring-context\6.0.4\spring-context-6.0.4.jar;D:\repository\org\springframework\spring-expression\6.0.4\spring-expression-6.0.4.jar;D:\repository\org\springframework\boot\spring-boot-starter-test\3.0.2\spring-boot-starter-test-3.0.2.jar;D:\repository\org\springframework\boot\spring-boot-test\3.0.2\spring-boot-test-3.0.2.jar;D:\repository\org\springframework\boot\spring-boot-test-autoconfigure\3.0.2\spring-boot-test-autoconfigure-3.0.2.jar;D:\repository\com\jayway\jsonpath\json-path\2.7.0\json-path-2.7.0.jar;D:\repository\net\minidev\json-smart\2.4.8\json-smart-2.4.8.jar;D:\repository\net\minidev\accessors-smart\2.4.8\accessors-smart-2.4.8.jar;D:\repository\org\ow2\asm\asm\9.1\asm-9.1.jar;D:\repository\org\slf4j\slf4j-api\2.0.6\slf4j-api-2.0.6.jar;D:\repository\jakarta\xml\bind\jakarta.xml.bind-api\4.0.0\jakarta.xml.bind-api-4.0.0.jar;D:\repository\jakarta\activation\jakarta.activation-api\2.1.1\jakarta.activation-api-2.1.1.jar;D:\repository\org\assertj\assertj-core\3.23.1\assertj-core-3.23.1.jar;D:\repository\net\bytebuddy\byte-buddy\1.12.22\byte-buddy-1.12.22.jar;D:\repository\org\hamcrest\hamcrest\2.2\hamcrest-2.2.jar;D:\repository\org\junit\jupiter\junit-jupiter\5.9.2\junit-jupiter-5.9.2.jar;D:\repository\org\junit\jupiter\junit-jupiter-api\5.9.2\junit-jupiter-api-5.9.2.jar;D:\repository\org\opentest4j\opentest4j\1.2.0\opentest4j-1.2.0.jar;D:\repository\org\junit\platform\junit-platform-commons\1.9.2\junit-platform-commons-1.9.2.jar;D:\repository\org\apiguardian\apiguardian-api\1.1.2\apiguardian-api-1.1.2.jar;D:\repository\org\junit\jupiter\junit-jupiter-params\5.9.2\junit-jupiter-params-5.9.2.jar;D:\repository\org\junit\jupiter\junit-jupiter-engine\5.9.2\junit-jupiter-engine-5.9.2.jar;D:\repository\org\junit\platform\junit-platform-engine\1.9.2\junit-platform-engine-1.9.2.jar;D:\repository\org\mockito\mockito-core\4.8.1\mockito-core-4.8.1.jar;D:\repository\net\bytebuddy\byte-buddy-agent\1.12.22\byte-buddy-agent-1.12.22.jar;D:\repository\org\objenesis\objenesis\3.2\objenesis-3.2.jar;D:\repository\org\mockito\mockito-junit-jupiter\4.8.1\mockito-junit-jupiter-4.8.1.jar;D:\repository\org\skyscreamer\jsonassert\1.5.1\jsonassert-1.5.1.jar;D:\repository\com\vaadin\external\google\android-json\0.0.20131108.vaadin1\android-json-0.0.20131108.vaadin1.jar;D:\repository\org\springframework\spring-core\6.0.4\spring-core-6.0.4.jar;D:\repository\org\springframework\spring-jcl\6.0.4\spring-jcl-6.0.4.jar;D:\repository\org\springframework\spring-test\6.0.4\spring-test-6.0.4.jar;D:\repository\org\xmlunit\xmlunit-core\2.9.1\xmlunit-core-2.9.1.jar;D:\repository\com\mysql\mysql-connector-j\8.0.32\mysql-connector-j-8.0.32.jar;D:\repository\org\mybatis\spring\boot\mybatis-spring-boot-starter\3.0.3\mybatis-spring-boot-starter-3.0.3.jar;D:\repository\org\springframework\boot\spring-boot-starter-jdbc\3.0.2\spring-boot-starter-jdbc-3.0.2.jar;D:\repository\com\zaxxer\HikariCP\5.0.1\HikariCP-5.0.1.jar;D:\repository\org\springframework\spring-jdbc\6.0.4\spring-jdbc-6.0.4.jar;D:\repository\org\springframework\spring-tx\6.0.4\spring-tx-6.0.4.jar;D:\repository\org\mybatis\spring\boot\mybatis-spring-boot-autoconfigure\3.0.3\mybatis-spring-boot-autoconfigure-3.0.3.jar;D:\repository\org\mybatis\mybatis\3.5.14\mybatis-3.5.14.jar;D:\repository\org\mybatis\mybatis-spring\3.0.3\mybatis-spring-3.0.3.jar;D:\repository\org\projectlombok\lombok\1.18.24\lombok-1.18.24.jar;D:\repository\com\auth0\java-jwt\4.4.0\java-jwt-4.4.0.jar;D:\repository\com\fasterxml\jackson\core\jackson-databind\2.14.1\jackson-databind-2.14.1.jar;D:\repository\com\fasterxml\jackson\core\jackson-annotations\2.14.1\jackson-annotations-2.14.1.jar;D:\repository\com\fasterxml\jackson\core\jackson-core\2.14.1\jackson-core-2.14.1.jar;"/>
    <property name="java.vm.vendor" value="Oracle Corporation"/>
    <property name="sun.arch.data.model" value="64"/>
    <property name="user.variant" value=""/>
    <property name="java.vendor.url" value="https://java.oracle.com/"/>
    <property name="user.timezone" value="Asia/Shanghai"/>
    <property name="os.name" value="Windows 11"/>
    <property name="java.vm.specification.version" value="17"/>
    <property name="sun.java.launcher" value="SUN_STANDARD"/>
    <property name="user.country" value="CN"/>
    <property name="sun.boot.library.path" value="C:\Program Files\Java\jdk-17\bin"/>
    <property name="sun.java.command" value="C:\Users\kk\AppData\Local\Temp\surefire6560416965652872161\surefirebooter16623193124774540101.jar C:\Users\kk\AppData\Local\Temp\surefire6560416965652872161 2024-04-06T20-30-43_121-jvmRun1 surefire5282032298589643450tmp surefire_013035123188038595374tmp"/>
    <property name="jdk.debug" value="release"/>
    <property name="surefire.test.class.path" value="D:\后端开发\springboot-demo\target\test-classes;D:\后端开发\springboot-demo\target\classes;D:\repository\org\springframework\boot\spring-boot-starter-web\3.0.2\spring-boot-starter-web-3.0.2.jar;D:\repository\org\springframework\boot\spring-boot-starter\3.0.2\spring-boot-starter-3.0.2.jar;D:\repository\org\springframework\boot\spring-boot\3.0.2\spring-boot-3.0.2.jar;D:\repository\org\springframework\boot\spring-boot-autoconfigure\3.0.2\spring-boot-autoconfigure-3.0.2.jar;D:\repository\org\springframework\boot\spring-boot-starter-logging\3.0.2\spring-boot-starter-logging-3.0.2.jar;D:\repository\ch\qos\logback\logback-classic\1.4.5\logback-classic-1.4.5.jar;D:\repository\ch\qos\logback\logback-core\1.4.5\logback-core-1.4.5.jar;D:\repository\org\apache\logging\log4j\log4j-to-slf4j\2.19.0\log4j-to-slf4j-2.19.0.jar;D:\repository\org\apache\logging\log4j\log4j-api\2.19.0\log4j-api-2.19.0.jar;D:\repository\org\slf4j\jul-to-slf4j\2.0.6\jul-to-slf4j-2.0.6.jar;D:\repository\jakarta\annotation\jakarta.annotation-api\2.1.1\jakarta.annotation-api-2.1.1.jar;D:\repository\org\yaml\snakeyaml\1.33\snakeyaml-1.33.jar;D:\repository\org\springframework\boot\spring-boot-starter-json\3.0.2\spring-boot-starter-json-3.0.2.jar;D:\repository\com\fasterxml\jackson\datatype\jackson-datatype-jdk8\2.14.1\jackson-datatype-jdk8-2.14.1.jar;D:\repository\com\fasterxml\jackson\datatype\jackson-datatype-jsr310\2.14.1\jackson-datatype-jsr310-2.14.1.jar;D:\repository\com\fasterxml\jackson\module\jackson-module-parameter-names\2.14.1\jackson-module-parameter-names-2.14.1.jar;D:\repository\org\springframework\boot\spring-boot-starter-tomcat\3.0.2\spring-boot-starter-tomcat-3.0.2.jar;D:\repository\org\apache\tomcat\embed\tomcat-embed-core\10.1.5\tomcat-embed-core-10.1.5.jar;D:\repository\org\apache\tomcat\embed\tomcat-embed-el\10.1.5\tomcat-embed-el-10.1.5.jar;D:\repository\org\apache\tomcat\embed\tomcat-embed-websocket\10.1.5\tomcat-embed-websocket-10.1.5.jar;D:\repository\org\springframework\spring-web\6.0.4\spring-web-6.0.4.jar;D:\repository\org\springframework\spring-beans\6.0.4\spring-beans-6.0.4.jar;D:\repository\io\micrometer\micrometer-observation\1.10.3\micrometer-observation-1.10.3.jar;D:\repository\io\micrometer\micrometer-commons\1.10.3\micrometer-commons-1.10.3.jar;D:\repository\org\springframework\spring-webmvc\6.0.4\spring-webmvc-6.0.4.jar;D:\repository\org\springframework\spring-aop\6.0.4\spring-aop-6.0.4.jar;D:\repository\org\springframework\spring-context\6.0.4\spring-context-6.0.4.jar;D:\repository\org\springframework\spring-expression\6.0.4\spring-expression-6.0.4.jar;D:\repository\org\springframework\boot\spring-boot-starter-test\3.0.2\spring-boot-starter-test-3.0.2.jar;D:\repository\org\springframework\boot\spring-boot-test\3.0.2\spring-boot-test-3.0.2.jar;D:\repository\org\springframework\boot\spring-boot-test-autoconfigure\3.0.2\spring-boot-test-autoconfigure-3.0.2.jar;D:\repository\com\jayway\jsonpath\json-path\2.7.0\json-path-2.7.0.jar;D:\repository\net\minidev\json-smart\2.4.8\json-smart-2.4.8.jar;D:\repository\net\minidev\accessors-smart\2.4.8\accessors-smart-2.4.8.jar;D:\repository\org\ow2\asm\asm\9.1\asm-9.1.jar;D:\repository\org\slf4j\slf4j-api\2.0.6\slf4j-api-2.0.6.jar;D:\repository\jakarta\xml\bind\jakarta.xml.bind-api\4.0.0\jakarta.xml.bind-api-4.0.0.jar;D:\repository\jakarta\activation\jakarta.activation-api\2.1.1\jakarta.activation-api-2.1.1.jar;D:\repository\org\assertj\assertj-core\3.23.1\assertj-core-3.23.1.jar;D:\repository\net\bytebuddy\byte-buddy\1.12.22\byte-buddy-1.12.22.jar;D:\repository\org\hamcrest\hamcrest\2.2\hamcrest-2.2.jar;D:\repository\org\junit\jupiter\junit-jupiter\5.9.2\junit-jupiter-5.9.2.jar;D:\repository\org\junit\jupiter\junit-jupiter-api\5.9.2\junit-jupiter-api-5.9.2.jar;D:\repository\org\opentest4j\opentest4j\1.2.0\opentest4j-1.2.0.jar;D:\repository\org\junit\platform\junit-platform-commons\1.9.2\junit-platform-commons-1.9.2.jar;D:\repository\org\apiguardian\apiguardian-api\1.1.2\apiguardian-api-1.1.2.jar;D:\repository\org\junit\jupiter\junit-jupiter-params\5.9.2\junit-jupiter-params-5.9.2.jar;D:\repository\org\junit\jupiter\junit-jupiter-engine\5.9.2\junit-jupiter-engine-5.9.2.jar;D:\repository\org\junit\platform\junit-platform-engine\1.9.2\junit-platform-engine-1.9.2.jar;D:\repository\org\mockito\mockito-core\4.8.1\mockito-core-4.8.1.jar;D:\repository\net\bytebuddy\byte-buddy-agent\1.12.22\byte-buddy-agent-1.12.22.jar;D:\repository\org\objenesis\objenesis\3.2\objenesis-3.2.jar;D:\repository\org\mockito\mockito-junit-jupiter\4.8.1\mockito-junit-jupiter-4.8.1.jar;D:\repository\org\skyscreamer\jsonassert\1.5.1\jsonassert-1.5.1.jar;D:\repository\com\vaadin\external\google\android-json\0.0.20131108.vaadin1\android-json-0.0.20131108.vaadin1.jar;D:\repository\org\springframework\spring-core\6.0.4\spring-core-6.0.4.jar;D:\repository\org\springframework\spring-jcl\6.0.4\spring-jcl-6.0.4.jar;D:\repository\org\springframework\spring-test\6.0.4\spring-test-6.0.4.jar;D:\repository\org\xmlunit\xmlunit-core\2.9.1\xmlunit-core-2.9.1.jar;D:\repository\com\mysql\mysql-connector-j\8.0.32\mysql-connector-j-8.0.32.jar;D:\repository\org\mybatis\spring\boot\mybatis-spring-boot-starter\3.0.3\mybatis-spring-boot-starter-3.0.3.jar;D:\repository\org\springframework\boot\spring-boot-starter-jdbc\3.0.2\spring-boot-starter-jdbc-3.0.2.jar;D:\repository\com\zaxxer\HikariCP\5.0.1\HikariCP-5.0.1.jar;D:\repository\org\springframework\spring-jdbc\6.0.4\spring-jdbc-6.0.4.jar;D:\repository\org\springframework\spring-tx\6.0.4\spring-tx-6.0.4.jar;D:\repository\org\mybatis\spring\boot\mybatis-spring-boot-autoconfigure\3.0.3\mybatis-spring-boot-autoconfigure-3.0.3.jar;D:\repository\org\mybatis\mybatis\3.5.14\mybatis-3.5.14.jar;D:\repository\org\mybatis\mybatis-spring\3.0.3\mybatis-spring-3.0.3.jar;D:\repository\org\projectlombok\lombok\1.18.24\lombok-1.18.24.jar;D:\repository\com\auth0\java-jwt\4.4.0\java-jwt-4.4.0.jar;D:\repository\com\fasterxml\jackson\core\jackson-databind\2.14.1\jackson-databind-2.14.1.jar;D:\repository\com\fasterxml\jackson\core\jackson-annotations\2.14.1\jackson-annotations-2.14.1.jar;D:\repository\com\fasterxml\jackson\core\jackson-core\2.14.1\jackson-core-2.14.1.jar;"/>
    <property name="sun.cpu.endian" value="little"/>
    <property name="user.home" value="C:\Users\kk"/>
    <property name="user.language" value="zh"/>
    <property name="java.specification.vendor" value="Oracle Corporation"/>
    <property name="java.version.date" value="2023-01-17"/>
    <property name="java.home" value="C:\Program Files\Java\jdk-17"/>
    <property name="file.separator" value="\"/>
    <property name="basedir" value="D:\后端开发\springboot-demo"/>
    <property name="java.vm.compressedOopsMode" value="Zero based"/>
    <property name="line.separator" value="&#10;"/>
    <property name="java.vm.specification.vendor" value="Oracle Corporation"/>
    <property name="java.specification.name" value="Java Platform API Specification"/>
    <property name="surefire.real.class.path" value="C:\Users\kk\AppData\Local\Temp\surefire6560416965652872161\surefirebooter16623193124774540101.jar"/>
    <property name="user.script" value=""/>
    <property name="sun.management.compiler" value="HotSpot 64-Bit Tiered Compilers"/>
    <property name="java.runtime.version" value="17.0.6+9-LTS-190"/>
    <property name="user.name" value="kk"/>
    <property name="path.separator" value=";"/>
    <property name="os.version" value="10.0"/>
    <property name="java.runtime.name" value="Java(TM) SE Runtime Environment"/>
    <property name="file.encoding" value="GBK"/>
    <property name="java.vm.name" value="Java HotSpot(TM) 64-Bit Server VM"/>
    <property name="localRepository" value="D:\repository"/>
    <property name="java.vendor.url.bug" value="https://bugreport.java.com/bugreport/"/>
    <property name="java.io.tmpdir" value="C:\Users\kk\AppData\Local\Temp\"/>
    <property name="idea.version" value="2023.1"/>
    <property name="java.version" value="17.0.6"/>
    <property name="user.dir" value="D:\后端开发\springboot-demo"/>
    <property name="os.arch" value="amd64"/>
    <property name="java.vm.specification.name" value="Java Virtual Machine Specification"/>
    <property name="sun.os.patch.level" value=""/>
    <property name="native.encoding" value="GBK"/>
    <property name="java.library.path" value="C:\Program Files\Java\jdk-17\bin;C:\WINDOWS\Sun\Java\bin;C:\WINDOWS\system32;C:\WINDOWS;C:\ProgramData\Oracle\Java\javapath;C:\Program Files\Microsoft MPI\Bin\;C:\Program Files (x86)\VMware\VMware Workstation\bin\;C:\Program Files\Common Files\Oracle\Java\javapath;C:\Windows\system32;C:\Windows;C:\Windows\System32\Wbem;C:\Windows\System32\WindowsPowerShell\v1.0\;C:\Windows\System32\OpenSSH\;C:\Program Files (x86)\NVIDIA Corporation\PhysX\Common;C:\WINDOWS\system32;C:\WINDOWS;C:\WINDOWS\System32\Wbem;C:\WINDOWS\System32\WindowsPowerShell\v1.0\;C:\WINDOWS\System32\OpenSSH\;C:\Program Files\nodejs\;D:\grade1-shi\apache-maven-3.9.3-bin\apache-maven-3.9.3\bin;D:\grade1-shi\apache-maven-3.9.3-bin\apache-maven-3.9.3\bin;D:\jdk-18\bin;C:\Program Files\Java\jdk-17\bin;D:\grade1-shi\apache-maven-3.9.3-bin\apache-maven-3.9.3\bin\bin;C:\nodejs\node_global;D:\git\Git\cmd;D:\mongodb\bin;D:\sqllite\SQLite;D:\sql_server\X\160\Tools\Binn\;C:\Program Files\Microsoft SQL Server\160\Tools\Binn\;C:\Program Files\Microsoft SQL Server\Client SDK\ODBC\170\Tools\Binn\;C:\Program Files\Microsoft SQL Server\160\DTS\Binn\;D:\sql_server\X\160\DTS\Binn\;C:\Program Files\Azure Data Studio\bin;D:\anaconda\Anaconda;D:\anaconda\Anaconda\Scripts;D:\anaconda\Anaconda\Library\bin;C:\Users\kk\AppData\Local\Programs\Microsoft VS Code\bin;C:\Users\kk\AppData\Local\Microsoft\WindowsApps;D:\CLion 2022.2.1\bin;;C:\Program Files\Java\jdk-17\bin;D:\IntelliJ IDEA 2023.1\bin;;C:\Users\kk\AppData\Roaming\npm;C:\Program Files\Java\jdk-17\\bin;D:\c++\mingw64\bin;D:\mongodb\bin;;C:\Program Files\Azure Data Studio\bin;."/>
    <property name="java.vm.info" value="mixed mode, sharing"/>
    <property name="java.vendor" value="Oracle Corporation"/>
    <property name="java.vm.version" value="17.0.6+9-LTS-190"/>
    <property name="sun.io.unicode.encoding" value="UnicodeLittle"/>
    <property name="java.class.version" value="61.0"/>
  </properties>
  <testcase name="contextLoads" classname="com.example.springbootdemo.SpringbootDemoApplicationTests" time="0.621"/>
</testsuite>